2019-01-15 17:48:21,892 INFO o.a.j.u.JMeterUtils: Setting Locale to en_EN
2019-01-15 17:48:21,970 INFO o.a.j.JMeter: Loading user properties from: /Users/chenchen/Documents/apache-jmeter-5.0/bin/user.properties
2019-01-15 17:48:21,980 INFO o.a.j.JMeter: Loading system properties from: /Users/chenchen/Documents/apache-jmeter-5.0/bin/system.properties
2019-01-15 17:48:21,995 INFO o.a.j.JMeter: Copyright (c) 1998-2018 The Apache Software Foundation
2019-01-15 17:48:21,995 INFO o.a.j.JMeter: Version 5.0 r1840935
2019-01-15 17:48:21,995 INFO o.a.j.JMeter: java.version=1.8.0_181
2019-01-15 17:48:21,995 INFO o.a.j.JMeter: java.vm.name=Java HotSpot(TM) 64-Bit Server VM
2019-01-15 17:48:21,995 INFO o.a.j.JMeter: os.name=Mac OS X
2019-01-15 17:48:21,995 INFO o.a.j.JMeter: os.arch=x86_64
2019-01-15 17:48:21,995 INFO o.a.j.JMeter: os.version=10.11.6
2019-01-15 17:48:21,995 INFO o.a.j.JMeter: file.encoding=UTF-8
2019-01-15 17:48:21,995 INFO o.a.j.JMeter: Max memory     =1073741824
2019-01-15 17:48:21,996 INFO o.a.j.JMeter: Available Processors =4
2019-01-15 17:48:22,012 INFO o.a.j.JMeter: Default Locale=English (EN)
2019-01-15 17:48:22,013 INFO o.a.j.JMeter: JMeter  Locale=English (EN)
2019-01-15 17:48:22,013 INFO o.a.j.JMeter: JMeterHome=/Users/chenchen/Documents/apache-jmeter-5.0
2019-01-15 17:48:22,013 INFO o.a.j.JMeter: user.dir  =/Users/chenchen/Desktop/chentest/chentest/case100
2019-01-15 17:48:22,013 INFO o.a.j.JMeter: PWD       =/Users/chenchen/Desktop/chentest/chentest/case100
2019-01-15 17:48:22,087 INFO o.a.j.JMeter: IP: 192.168.3.243 Name: chenchen-mac-2.local FullName: 192.168.3.243
2019-01-15 17:48:25,895 INFO o.a.j.g.a.LookAndFeelCommand: Installing Darcula LAF
2019-01-15 17:48:25,999 INFO o.a.j.g.a.LookAndFeelCommand: Using look and feel: com.apple.laf.AquaLookAndFeel [Darcula]
2019-01-15 17:48:25,999 INFO o.a.j.JMeter: Setting LAF to: com.apple.laf.AquaLookAndFeel
2019-01-15 17:48:26,018 INFO o.a.j.JMeter: Loaded icon properties from org/apache/jmeter/images/icon.properties
2019-01-15 17:48:28,325 INFO o.a.j.e.u.CompoundVariable: Note: Function class names must contain the string: '.functions.'
2019-01-15 17:48:28,325 INFO o.a.j.e.u.CompoundVariable: Note: Function class names must not contain the string: '.gui.'
2019-01-15 17:48:30,779 INFO o.j.r.JARSourceHTTP: Requesting https://jmeter-plugins.org/repo/?installID=mac_os_x-44c9743da3bb51f254a03d5cca29c01b-gui
2019-01-15 17:48:32,447 WARN o.a.j.g.u.MenuFactory: Configuration error, probably corrupt or missing third party library(jar)? Could not create class: kg.apc.jmeter.reporters.LoadosophiaUploaderGui.
java.lang.NoClassDefFoundError: org/apache/commons/httpclient/methods/RequestEntity
	at kg.apc.jmeter.reporters.LoadosophiaUploaderGui.init(LoadosophiaUploaderGui.java:114) ~[JMeterPlugins-Standard.jar:?]
	at kg.apc.jmeter.reporters.LoadosophiaUploaderGui.<init>(LoadosophiaUploaderGui.java:28) ~[JMeterPlugins-Standard.jar:?]
	at sun.reflect.NativeConstructorAccessorImpl.newInstance0(Native Method) ~[?:1.8.0_181]
	at sun.reflect.NativeConstructorAccessorImpl.newInstance(NativeConstructorAccessorImpl.java:62) ~[?:1.8.0_181]
	at sun.reflect.DelegatingConstructorAccessorImpl.newInstance(DelegatingConstructorAccessorImpl.java:45) ~[?:1.8.0_181]
	at java.lang.reflect.Constructor.newInstance(Constructor.java:423) ~[?:1.8.0_181]
	at java.lang.Class.newInstance(Class.java:442) ~[?:1.8.0_181]
	at org.apache.jmeter.gui.util.MenuFactory.getGUIComponent(MenuFactory.java:174) ~[ApacheJMeter_core.jar:5.0 r1840935]
	at org.apache.jmeter.gui.util.MenuFactory.initializeMenus(MenuFactory.java:141) ~[ApacheJMeter_core.jar:5.0 r1840935]
	at org.apache.jmeter.gui.util.MenuFactory.<clinit>(MenuFactory.java:106) ~[ApacheJMeter_core.jar:5.0 r1840935]
	at org.apache.jmeter.control.gui.TestPlanGui.createPopupMenu(TestPlanGui.java:92) ~[ApacheJMeter_core.jar:5.0 r1840935]
	at org.apache.jmeter.gui.tree.JMeterTreeNode.createPopupMenu(JMeterTreeNode.java:184) ~[ApacheJMeter_core.jar:5.0 r1840935]
	at org.apache.jmeter.gui.action.EditCommand.doAction(EditCommand.java:46) ~[ApacheJMeter_core.jar:5.0 r1840935]
	at org.apache.jmeter.gui.action.ActionRouter.performAction(ActionRouter.java:88) ~[ApacheJMeter_core.jar:5.0 r1840935]
	at org.apache.jmeter.gui.action.ActionRouter.lambda$actionPerformed$0(ActionRouter.java:70) ~[ApacheJMeter_core.jar:5.0 r1840935]
	at java.awt.event.InvocationEvent.dispatch(InvocationEvent.java:311) [?:1.8.0_181]
	at java.awt.EventQueue.dispatchEventImpl(EventQueue.java:758) [?:1.8.0_181]
	at java.awt.EventQueue.access$500(EventQueue.java:97) [?:1.8.0_181]
	at java.awt.EventQueue$3.run(EventQueue.java:709) [?:1.8.0_181]
	at java.awt.EventQueue$3.run(EventQueue.java:703) [?:1.8.0_181]
	at java.security.AccessController.doPrivileged(Native Method) [?:1.8.0_181]
	at java.security.ProtectionDomain$JavaSecurityAccessImpl.doIntersectionPrivilege(ProtectionDomain.java:74) [?:1.8.0_181]
	at java.awt.EventQueue.dispatchEvent(EventQueue.java:728) [?:1.8.0_181]
	at java.awt.EventDispatchThread.pumpOneEventForFilters(EventDispatchThread.java:205) [?:1.8.0_181]
	at java.awt.EventDispatchThread.pumpEventsForFilter(EventDispatchThread.java:116) [?:1.8.0_181]
	at java.awt.EventDispatchThread.pumpEventsForHierarchy(EventDispatchThread.java:105) [?:1.8.0_181]
	at java.awt.EventDispatchThread.pumpEvents(EventDispatchThread.java:101) [?:1.8.0_181]
	at java.awt.EventDispatchThread.pumpEvents(EventDispatchThread.java:93) [?:1.8.0_181]
	at java.awt.EventDispatchThread.run(EventDispatchThread.java:82) [?:1.8.0_181]
Caused by: java.lang.ClassNotFoundException: org.apache.commons.httpclient.methods.RequestEntity
	at java.net.URLClassLoader.findClass(URLClassLoader.java:381) ~[?:1.8.0_181]
	at java.lang.ClassLoader.loadClass(ClassLoader.java:424) ~[?:1.8.0_181]
	at java.lang.ClassLoader.loadClass(ClassLoader.java:357) ~[?:1.8.0_181]
	... 29 more
2019-01-15 17:48:34,845 INFO o.a.j.p.h.s.HTTPSamplerBase: Parser for text/html is org.apache.jmeter.protocol.http.parser.LagartoBasedHtmlParser
2019-01-15 17:48:34,847 INFO o.a.j.p.h.s.HTTPSamplerBase: Parser for application/xhtml+xml is org.apache.jmeter.protocol.http.parser.LagartoBasedHtmlParser
2019-01-15 17:48:34,847 INFO o.a.j.p.h.s.HTTPSamplerBase: Parser for application/xml is org.apache.jmeter.protocol.http.parser.LagartoBasedHtmlParser
2019-01-15 17:48:34,847 INFO o.a.j.p.h.s.HTTPSamplerBase: Parser for text/xml is org.apache.jmeter.protocol.http.parser.LagartoBasedHtmlParser
2019-01-15 17:48:34,847 INFO o.a.j.p.h.s.HTTPSamplerBase: Parser for text/vnd.wap.wml is org.apache.jmeter.protocol.http.parser.RegexpHTMLParser
2019-01-15 17:48:34,847 INFO o.a.j.p.h.s.HTTPSamplerBase: Parser for text/css is org.apache.jmeter.protocol.http.parser.CssParser
2019-01-15 17:48:35,610 INFO o.a.j.e.KeyToolUtils: keytool found at 'keytool'
2019-01-15 17:48:35,611 INFO o.a.j.p.h.p.ProxyControl: HTTP(S) Test Script Recorder SSL Proxy will use keys that support embedded 3rd party resources in file /Users/chenchen/Documents/apache-jmeter-5.0/bin/proxyserver.jks
2019-01-15 17:48:35,968 INFO o.a.j.s.FileServer: Default base='/Users/chenchen/Desktop/chentest/chentest/case100'
2019-01-15 17:48:36,751 INFO o.a.j.s.SampleResult: Note: Sample TimeStamps are START times
2019-01-15 17:48:36,751 INFO o.a.j.s.SampleResult: sampleresult.default.encoding is set to ISO-8859-1
2019-01-15 17:48:36,751 INFO o.a.j.s.SampleResult: sampleresult.useNanoTime=true
2019-01-15 17:48:36,751 INFO o.a.j.s.SampleResult: sampleresult.nanoThreadSleep=5000
2019-01-15 17:48:39,841 INFO o.j.r.PluginManager: Plugins Status: [jpgc-graphs-basic=Standard, jpgc-graphs-additional=Extras, jpgc-autostop=Extras, jpgc-sense=Standard, jpgc-cmd=Standard, jpgc-graphs-composite=Standard, jpgc-csl=Standard, jpgc-functions=Standard, jpgc-casutg=Standard, jpgc-dbmon=Extras, jpgc-graphs-dist=Extras, jpgc-dummy=Standard, jpgc-filterresults=Standard, jpgc-ffw=Standard, jpgc-ggl=Extras, jpgc-httpraw=Extras, jpgc-sts=Extras, jpgc-fifo=Standard, jpgc-jmxmon=Extras, jpgc-json=2.7, jpgc-graphs-vs=Extras, jpgc-lockfile=Extras, jpgc-mergeresults=Standard, jpgc-pde=Extras, jpgc-prmctl=Extras, jpgc-perfmon=Standard, jpgc-plugins-manager=1.3, jpgc-synthesis=Standard, jpgc-plancheck=Standard, jpgc-tst=Standard, jpgc-udp=Extras, jpgc-csvars=Extras, jpgc-wsc=Standard, jpgc-xml=Extras, jmeter-core=5.0, jmeter-ftp=5.0, jmeter-http=5.0, jmeter-jdbc=5.0, jmeter-jms=5.0, jmeter-junit=5.0, jmeter-java=5.0, jmeter-ldap=5.0, jmeter-mail=5.0, jmeter-mongodb=5.0, jmeter-native=5.0, jmeter-tcp=5.0, jmeter-components=5.0, jpgc-standard=2.0]
2019-01-15 17:48:41,962 INFO o.a.j.g.a.Load: Loading file: /Users/chenchen/Desktop/pt-gitlab/AT_DD_DataCompare/AT_DD_DataCompare.jmx
2019-01-15 17:48:41,964 INFO o.a.j.s.FileServer: Set new base='/Users/chenchen/Desktop/pt-gitlab/AT_DD_DataCompare'
2019-01-15 17:48:42,304 INFO o.a.j.s.SaveService: Testplan (JMX) version: 2.2. Testlog (JTL) version: 2.2
2019-01-15 17:48:42,309 INFO o.a.j.s.SaveService: Using SaveService properties file encoding UTF-8
2019-01-15 17:48:42,311 INFO o.a.j.s.SaveService: Using SaveService properties version 5.0
2019-01-15 17:48:42,315 INFO o.a.j.s.SaveService: Loading file: /Users/chenchen/Desktop/pt-gitlab/AT_DD_DataCompare/AT_DD_DataCompare.jmx
2019-01-15 17:48:43,419 INFO o.a.j.s.FileServer: Set new base='/Users/chenchen/Desktop/pt-gitlab/AT_DD_DataCompare'
2019-01-15 18:50:23,064 INFO o.a.j.g.a.Load: Loading file: /Users/chenchen/Desktop/pt-gitlab/AT_DD_Online_JP_FN_GoogleDrive/script/DD_FN_GoogleDrive.jmx
2019-01-15 18:50:23,069 INFO o.a.j.s.FileServer: Set new base='/Users/chenchen/Desktop/pt-gitlab/AT_DD_Online_JP_FN_GoogleDrive/script'
2019-01-15 18:50:23,069 INFO o.a.j.s.SaveService: Loading file: /Users/chenchen/Desktop/pt-gitlab/AT_DD_Online_JP_FN_GoogleDrive/script/DD_FN_GoogleDrive.jmx
2019-01-15 18:50:26,675 INFO o.a.j.s.FileServer: Set new base='/Users/chenchen/Desktop/pt-gitlab/AT_DD_Online_JP_FN_GoogleDrive/script'
2019-01-15 18:50:32,397 INFO o.a.j.e.StandardJMeterEngine: Running the test!
2019-01-15 18:50:32,403 INFO o.a.j.s.SampleEvent: List of sample_variables: []
2019-01-15 18:50:32,406 INFO o.a.j.s.SampleEvent: List of sample_variables: []
2019-01-15 18:50:33,003 WARN o.a.j.r.ResultCollector: Error creating directories for /data/www/qa/logs/DD/Online/JP/FN/GoogleDrive
2019-01-15 18:50:33,004 WARN o.a.j.r.ResultCollector: Error creating directories for /data/www/qa/logs/DD/Online/JP/FN/GoogleDrive/errlog
2019-01-15 18:50:33,008 INFO o.a.j.g.u.JMeterMenuBar: setRunning(true, *local*)
2019-01-15 18:50:33,821 INFO o.a.j.e.StandardJMeterEngine: Starting ThreadGroup: 1 : AT_DD_FN_GoogleDrive_Connection
2019-01-15 18:50:33,822 INFO o.a.j.e.StandardJMeterEngine: Starting 1 threads for group AT_DD_FN_GoogleDrive_Connection.
2019-01-15 18:50:33,822 INFO o.a.j.e.StandardJMeterEngine: Thread will continue on error
2019-01-15 18:50:33,823 INFO o.a.j.t.ThreadGroup: Starting thread group... number=1 threads=1 ramp-up=1 perThread=1000.0 delayedStart=false
2019-01-15 18:50:33,857 INFO o.a.j.t.ThreadGroup: Started thread group number 1
2019-01-15 18:50:33,857 INFO o.a.j.e.StandardJMeterEngine: Waiting for thread group: AT_DD_FN_GoogleDrive_Connection to finish before starting next group
2019-01-15 18:50:33,864 INFO o.a.j.t.JMeterThread: Thread started: AT_DD_FN_GoogleDrive_Connection 1-1
2019-01-15 18:50:33,919 INFO o.a.j.p.h.s.HTTPHCAbstractImpl: Local host = chenchen-mac-2.local
2019-01-15 18:50:33,951 INFO o.a.j.p.h.s.HTTPHC4Impl: HTTP request retry count = 0
2019-01-15 18:50:34,510 INFO o.a.j.p.h.s.h.LazyLayeredConnectionSocketFactory: Setting up HTTPS TrustAll Socket Factory
2019-01-15 18:50:34,513 INFO o.a.j.u.JsseSSLManager: Using default SSL protocol: TLS
2019-01-15 18:50:34,513 INFO o.a.j.u.JsseSSLManager: SSL session context: per-thread
2019-01-15 18:50:34,621 INFO o.a.j.u.SSLManager: JmeterKeyStore Location:  type JKS
2019-01-15 18:50:34,622 INFO o.a.j.u.SSLManager: KeyStore created OK
2019-01-15 18:50:34,622 WARN o.a.j.u.SSLManager: Keystore file not found, loading empty keystore
2019-01-15 18:50:49,083 INFO o.a.j.t.JMeterThread: Thread is done: AT_DD_FN_GoogleDrive_Connection 1-1
2019-01-15 18:50:49,085 INFO o.a.j.t.JMeterThread: Thread finished: AT_DD_FN_GoogleDrive_Connection 1-1
2019-01-15 18:50:49,087 INFO o.a.j.e.StandardJMeterEngine: Starting ThreadGroup: 2 : AT_DD_FN_GoogleDrive_widget
2019-01-15 18:50:49,089 INFO o.a.j.e.StandardJMeterEngine: Starting 1 threads for group AT_DD_FN_GoogleDrive_widget.
2019-01-15 18:50:49,090 INFO o.a.j.e.StandardJMeterEngine: Thread will continue on error
2019-01-15 18:50:49,090 INFO o.a.j.t.ThreadGroup: Starting thread group... number=2 threads=1 ramp-up=1 perThread=1000.0 delayedStart=false
2019-01-15 18:50:49,142 INFO o.a.j.t.ThreadGroup: Started thread group number 2
2019-01-15 18:50:49,142 INFO o.a.j.e.StandardJMeterEngine: Waiting for thread group: AT_DD_FN_GoogleDrive_widget to finish before starting next group
2019-01-15 18:50:49,149 INFO o.a.j.t.JMeterThread: Thread started: AT_DD_FN_GoogleDrive_widget 2-1
2019-01-15 18:51:08,320 INFO o.a.j.t.JMeterThread: Thread is done: AT_DD_FN_GoogleDrive_widget 2-1
2019-01-15 18:51:08,321 INFO o.a.j.t.JMeterThread: Thread finished: AT_DD_FN_GoogleDrive_widget 2-1
2019-01-15 18:51:08,322 INFO o.a.j.e.StandardJMeterEngine: Starting ThreadGroup: 3 : AT_DD_FN_GoogleDrive_Chart
2019-01-15 18:51:08,323 INFO o.a.j.e.StandardJMeterEngine: Starting 1 threads for group AT_DD_FN_GoogleDrive_Chart.
2019-01-15 18:51:08,323 INFO o.a.j.e.StandardJMeterEngine: Thread will continue on error
2019-01-15 18:51:08,323 INFO o.a.j.t.ThreadGroup: Starting thread group... number=3 threads=1 ramp-up=1 perThread=1000.0 delayedStart=false
2019-01-15 18:51:08,366 INFO o.a.j.t.ThreadGroup: Started thread group number 3
2019-01-15 18:51:08,366 INFO o.a.j.e.StandardJMeterEngine: Waiting for thread group: AT_DD_FN_GoogleDrive_Chart to finish before starting next group
2019-01-15 18:51:08,368 INFO o.a.j.t.JMeterThread: Thread started: AT_DD_FN_GoogleDrive_Chart 3-1
2019-01-15 18:51:18,093 INFO o.a.j.t.JMeterThread: Thread is done: AT_DD_FN_GoogleDrive_Chart 3-1
2019-01-15 18:51:18,094 INFO o.a.j.t.JMeterThread: Thread finished: AT_DD_FN_GoogleDrive_Chart 3-1
2019-01-15 18:51:18,095 INFO o.a.j.e.StandardJMeterEngine: Starting ThreadGroup: 4 : AT_DD_FN_GoogleDrive_Calc
2019-01-15 18:51:18,095 INFO o.a.j.e.StandardJMeterEngine: Starting 1 threads for group AT_DD_FN_GoogleDrive_Calc.
2019-01-15 18:51:18,095 INFO o.a.j.e.StandardJMeterEngine: Thread will continue on error
2019-01-15 18:51:18,095 INFO o.a.j.t.ThreadGroup: Starting thread group... number=4 threads=1 ramp-up=1 perThread=1000.0 delayedStart=false
2019-01-15 18:51:18,126 INFO o.a.j.t.ThreadGroup: Started thread group number 4
2019-01-15 18:51:18,126 INFO o.a.j.e.StandardJMeterEngine: Waiting for thread group: AT_DD_FN_GoogleDrive_Calc to finish before starting next group
2019-01-15 18:51:18,129 INFO o.a.j.t.JMeterThread: Thread started: AT_DD_FN_GoogleDrive_Calc 4-1
2019-01-15 18:51:34,696 INFO o.a.j.t.JMeterThread: Thread is done: AT_DD_FN_GoogleDrive_Calc 4-1
2019-01-15 18:51:34,697 INFO o.a.j.t.JMeterThread: Thread finished: AT_DD_FN_GoogleDrive_Calc 4-1
2019-01-15 18:51:34,699 INFO o.a.j.e.StandardJMeterEngine: Starting ThreadGroup: 5 : AT_DD_FN_GoogleDrive_Filter
2019-01-15 18:51:34,699 INFO o.a.j.e.StandardJMeterEngine: Starting 1 threads for group AT_DD_FN_GoogleDrive_Filter.
2019-01-15 18:51:34,699 INFO o.a.j.e.StandardJMeterEngine: Thread will continue on error
2019-01-15 18:51:34,700 INFO o.a.j.t.ThreadGroup: Starting thread group... number=5 threads=1 ramp-up=1 perThread=1000.0 delayedStart=false
2019-01-15 18:51:34,743 INFO o.a.j.t.ThreadGroup: Started thread group number 5
2019-01-15 18:51:34,743 INFO o.a.j.e.StandardJMeterEngine: Waiting for thread group: AT_DD_FN_GoogleDrive_Filter to finish before starting next group
2019-01-15 18:51:34,744 INFO o.a.j.t.JMeterThread: Thread started: AT_DD_FN_GoogleDrive_Filter 5-1
2019-01-15 18:51:39,704 INFO o.a.j.t.JMeterThread: Thread is done: AT_DD_FN_GoogleDrive_Filter 5-1
2019-01-15 18:51:39,705 INFO o.a.j.t.JMeterThread: Thread finished: AT_DD_FN_GoogleDrive_Filter 5-1
2019-01-15 18:51:39,705 INFO o.a.j.e.StandardJMeterEngine: Starting ThreadGroup: 6 : AT_DD_FN_GoogleDrive_GlobalFilter
2019-01-15 18:51:39,705 INFO o.a.j.e.StandardJMeterEngine: Starting 1 threads for group AT_DD_FN_GoogleDrive_GlobalFilter.
2019-01-15 18:51:39,705 INFO o.a.j.e.StandardJMeterEngine: Thread will continue on error
2019-01-15 18:51:39,705 INFO o.a.j.t.ThreadGroup: Starting thread group... number=6 threads=1 ramp-up=1 perThread=1000.0 delayedStart=false
2019-01-15 18:51:39,751 INFO o.a.j.t.ThreadGroup: Started thread group number 6
2019-01-15 18:51:39,752 INFO o.a.j.e.StandardJMeterEngine: Waiting for thread group: AT_DD_FN_GoogleDrive_GlobalFilter to finish before starting next group
2019-01-15 18:51:39,754 INFO o.a.j.t.JMeterThread: Thread started: AT_DD_FN_GoogleDrive_GlobalFilter 6-1
2019-01-15 18:51:50,572 INFO o.a.j.t.JMeterThread: Thread is done: AT_DD_FN_GoogleDrive_GlobalFilter 6-1
2019-01-15 18:51:50,573 INFO o.a.j.t.JMeterThread: Thread finished: AT_DD_FN_GoogleDrive_GlobalFilter 6-1
2019-01-15 18:51:50,574 INFO o.a.j.e.StandardJMeterEngine: Starting ThreadGroup: 7 : AT_DD_FN_GoogleDrive_DateRange
2019-01-15 18:51:50,575 INFO o.a.j.e.StandardJMeterEngine: Starting 1 threads for group AT_DD_FN_GoogleDrive_DateRange.
2019-01-15 18:51:50,575 INFO o.a.j.e.StandardJMeterEngine: Thread will continue on error
2019-01-15 18:51:50,575 INFO o.a.j.t.ThreadGroup: Starting thread group... number=7 threads=1 ramp-up=1 perThread=1000.0 delayedStart=false
2019-01-15 18:51:50,622 INFO o.a.j.t.ThreadGroup: Started thread group number 7
2019-01-15 18:51:50,622 INFO o.a.j.e.StandardJMeterEngine: Waiting for thread group: AT_DD_FN_GoogleDrive_DateRange to finish before starting next group
2019-01-15 18:51:50,624 INFO o.a.j.t.JMeterThread: Thread started: AT_DD_FN_GoogleDrive_DateRange 7-1
2019-01-15 18:51:59,366 INFO o.a.j.t.JMeterThread: Thread is done: AT_DD_FN_GoogleDrive_DateRange 7-1
2019-01-15 18:51:59,369 INFO o.a.j.t.JMeterThread: Thread finished: AT_DD_FN_GoogleDrive_DateRange 7-1
2019-01-15 18:51:59,369 INFO o.a.j.e.StandardJMeterEngine: Starting ThreadGroup: 8 : AT_DD_FN_GoogleDrive_GlobalDate
2019-01-15 18:51:59,370 INFO o.a.j.e.StandardJMeterEngine: Starting 1 threads for group AT_DD_FN_GoogleDrive_GlobalDate.
2019-01-15 18:51:59,370 INFO o.a.j.e.StandardJMeterEngine: Thread will continue on error
2019-01-15 18:51:59,370 INFO o.a.j.t.ThreadGroup: Starting thread group... number=8 threads=1 ramp-up=1 perThread=1000.0 delayedStart=false
2019-01-15 18:51:59,416 INFO o.a.j.t.ThreadGroup: Started thread group number 8
2019-01-15 18:51:59,416 INFO o.a.j.e.StandardJMeterEngine: Waiting for thread group: AT_DD_FN_GoogleDrive_GlobalDate to finish before starting next group
2019-01-15 18:51:59,418 INFO o.a.j.t.JMeterThread: Thread started: AT_DD_FN_GoogleDrive_GlobalDate 8-1
2019-01-15 18:52:12,795 INFO o.a.j.t.JMeterThread: Thread is done: AT_DD_FN_GoogleDrive_GlobalDate 8-1
2019-01-15 18:52:12,797 INFO o.a.j.t.JMeterThread: Thread finished: AT_DD_FN_GoogleDrive_GlobalDate 8-1
2019-01-15 18:52:12,798 INFO o.a.j.e.StandardJMeterEngine: Starting ThreadGroup: 9 : AT_DD_FN_GoogleDrive_Sort
2019-01-15 18:52:12,798 INFO o.a.j.e.StandardJMeterEngine: Starting 1 threads for group AT_DD_FN_GoogleDrive_Sort.
2019-01-15 18:52:12,799 INFO o.a.j.e.StandardJMeterEngine: Thread will continue on error
2019-01-15 18:52:12,799 INFO o.a.j.t.ThreadGroup: Starting thread group... number=9 threads=1 ramp-up=1 perThread=1000.0 delayedStart=false
2019-01-15 18:52:12,837 INFO o.a.j.t.ThreadGroup: Started thread group number 9
2019-01-15 18:52:12,837 INFO o.a.j.e.StandardJMeterEngine: Waiting for thread group: AT_DD_FN_GoogleDrive_Sort to finish before starting next group
2019-01-15 18:52:12,839 INFO o.a.j.t.JMeterThread: Thread started: AT_DD_FN_GoogleDrive_Sort 9-1
2019-01-15 18:52:23,046 INFO o.a.j.t.JMeterThread: Thread is done: AT_DD_FN_GoogleDrive_Sort 9-1
2019-01-15 18:52:23,046 INFO o.a.j.t.JMeterThread: Thread finished: AT_DD_FN_GoogleDrive_Sort 9-1
2019-01-15 18:52:23,047 INFO o.a.j.e.StandardJMeterEngine: Starting ThreadGroup: 10 : AT_DD_FN_GoogleDrive_validity
2019-01-15 18:52:23,047 INFO o.a.j.e.StandardJMeterEngine: Starting 1 threads for group AT_DD_FN_GoogleDrive_validity.
2019-01-15 18:52:23,047 INFO o.a.j.e.StandardJMeterEngine: Thread will continue on error
2019-01-15 18:52:23,047 INFO o.a.j.t.ThreadGroup: Starting thread group... number=10 threads=1 ramp-up=1 perThread=1000.0 delayedStart=false
2019-01-15 18:52:23,086 INFO o.a.j.t.ThreadGroup: Started thread group number 10
2019-01-15 18:52:23,086 INFO o.a.j.e.StandardJMeterEngine: Waiting for thread group: AT_DD_FN_GoogleDrive_validity to finish before starting next group
2019-01-15 18:52:23,086 INFO o.a.j.t.JMeterThread: Thread started: AT_DD_FN_GoogleDrive_validity 10-1
2019-01-15 18:52:26,953 INFO o.a.j.t.JMeterThread: Thread is done: AT_DD_FN_GoogleDrive_validity 10-1
2019-01-15 18:52:26,953 INFO o.a.j.t.JMeterThread: Thread finished: AT_DD_FN_GoogleDrive_validity 10-1
2019-01-15 18:52:26,954 INFO o.a.j.e.StandardJMeterEngine: Starting ThreadGroup: 11 : AT_DD_FN_GoogleDrive_TimeGroup
2019-01-15 18:52:26,954 INFO o.a.j.e.StandardJMeterEngine: Starting 1 threads for group AT_DD_FN_GoogleDrive_TimeGroup.
2019-01-15 18:52:26,954 INFO o.a.j.e.StandardJMeterEngine: Thread will continue on error
2019-01-15 18:52:26,954 INFO o.a.j.t.ThreadGroup: Starting thread group... number=11 threads=1 ramp-up=1 perThread=1000.0 delayedStart=false
2019-01-15 18:52:26,993 INFO o.a.j.t.ThreadGroup: Started thread group number 11
2019-01-15 18:52:26,994 INFO o.a.j.e.StandardJMeterEngine: Waiting for thread group: AT_DD_FN_GoogleDrive_TimeGroup to finish before starting next group
2019-01-15 18:52:26,995 INFO o.a.j.t.JMeterThread: Thread started: AT_DD_FN_GoogleDrive_TimeGroup 11-1
2019-01-15 18:52:45,405 INFO o.a.j.t.JMeterThread: Thread is done: AT_DD_FN_GoogleDrive_TimeGroup 11-1
2019-01-15 18:52:45,406 INFO o.a.j.t.JMeterThread: Thread finished: AT_DD_FN_GoogleDrive_TimeGroup 11-1
2019-01-15 18:52:45,407 INFO o.a.j.e.StandardJMeterEngine: Starting ThreadGroup: 12 : AT_DD_FN_GoogleDrive_CalcMethod
2019-01-15 18:52:45,407 INFO o.a.j.e.StandardJMeterEngine: Starting 1 threads for group AT_DD_FN_GoogleDrive_CalcMethod.
2019-01-15 18:52:45,407 INFO o.a.j.e.StandardJMeterEngine: Thread will continue on error
2019-01-15 18:52:45,407 INFO o.a.j.t.ThreadGroup: Starting thread group... number=12 threads=1 ramp-up=1 perThread=1000.0 delayedStart=false
2019-01-15 18:52:45,475 INFO o.a.j.t.ThreadGroup: Started thread group number 12
2019-01-15 18:52:45,475 INFO o.a.j.e.StandardJMeterEngine: All thread groups have been started
2019-01-15 18:52:45,477 INFO o.a.j.t.JMeterThread: Thread started: AT_DD_FN_GoogleDrive_CalcMethod 12-1
2019-01-15 18:53:08,095 INFO o.a.j.t.JMeterThread: Thread is done: AT_DD_FN_GoogleDrive_CalcMethod 12-1
2019-01-15 18:53:08,097 INFO o.a.j.t.JMeterThread: Thread finished: AT_DD_FN_GoogleDrive_CalcMethod 12-1
2019-01-15 18:53:08,097 INFO o.a.j.e.StandardJMeterEngine: Notifying test listeners of end of test
2019-01-15 18:53:08,102 INFO o.a.j.g.u.JMeterMenuBar: setRunning(false, *local*)
2019-01-15 18:53:20,701 INFO o.a.j.g.a.Load: Loading file: /Users/chenchen/Desktop/pt-gitlab/AT_DD_Online_JP_FN_GoogleDrive/script/DD_FN_GoogleDrive.jmx
2019-01-15 18:53:20,703 INFO o.a.j.s.FileServer: Set new base='/Users/chenchen/Desktop/pt-gitlab/AT_DD_Online_JP_FN_GoogleDrive/script'
2019-01-15 18:53:20,703 INFO o.a.j.s.SaveService: Loading file: /Users/chenchen/Desktop/pt-gitlab/AT_DD_Online_JP_FN_GoogleDrive/script/DD_FN_GoogleDrive.jmx
2019-01-15 18:53:23,524 INFO o.a.j.s.FileServer: Set new base='/Users/chenchen/Desktop/pt-gitlab/AT_DD_Online_JP_FN_GoogleDrive/script'
2019-01-15 18:53:32,221 INFO o.a.j.e.StandardJMeterEngine: Running the test!
2019-01-15 18:53:32,224 INFO o.a.j.s.SampleEvent: List of sample_variables: []
2019-01-15 18:53:32,720 WARN o.a.j.r.ResultCollector: Error creating directories for /data/www/qa/logs/DD/Online/JP/FN/GoogleDrive
2019-01-15 18:53:32,721 WARN o.a.j.r.ResultCollector: Error creating directories for /data/www/qa/logs/DD/Online/JP/FN/GoogleDrive/errlog
2019-01-15 18:53:32,723 INFO o.a.j.g.u.JMeterMenuBar: setRunning(true, *local*)
2019-01-15 18:53:33,231 INFO o.a.j.e.StandardJMeterEngine: Starting ThreadGroup: 1 : AT_DD_FN_GoogleDrive_Connection_01
2019-01-15 18:53:33,232 INFO o.a.j.e.StandardJMeterEngine: Starting 1 threads for group AT_DD_FN_GoogleDrive_Connection_01.
2019-01-15 18:53:33,232 INFO o.a.j.e.StandardJMeterEngine: Thread will continue on error
2019-01-15 18:53:33,233 INFO o.a.j.t.ThreadGroup: Starting thread group... number=1 threads=1 ramp-up=1 perThread=1000.0 delayedStart=false
2019-01-15 18:53:33,284 INFO o.a.j.t.ThreadGroup: Started thread group number 1
2019-01-15 18:53:33,284 INFO o.a.j.e.StandardJMeterEngine: Waiting for thread group: AT_DD_FN_GoogleDrive_Connection_01 to finish before starting next group
2019-01-15 18:53:33,288 INFO o.a.j.t.JMeterThread: Thread started: AT_DD_FN_GoogleDrive_Connection_01 1-1
2019-01-15 18:53:33,299 WARN o.a.j.c.RandomVariableConfig: maximum(999999999999) - minimum(100000000000) must be <= 2147483647
2019-01-15 18:58:13,518 INFO o.a.j.t.JMeterThread: Thread is done: AT_DD_FN_GoogleDrive_Connection_01 1-1
2019-01-15 18:58:13,519 INFO o.a.j.t.JMeterThread: Thread finished: AT_DD_FN_GoogleDrive_Connection_01 1-1
2019-01-15 18:58:13,521 INFO o.a.j.e.StandardJMeterEngine: Starting ThreadGroup: 2 : AT_DD_FN_GoogleDrive_widget_02
2019-01-15 18:58:13,521 INFO o.a.j.e.StandardJMeterEngine: Starting 1 threads for group AT_DD_FN_GoogleDrive_widget_02.
2019-01-15 18:58:13,521 INFO o.a.j.e.StandardJMeterEngine: Thread will continue on error
2019-01-15 18:58:13,522 INFO o.a.j.t.ThreadGroup: Starting thread group... number=2 threads=1 ramp-up=1 perThread=1000.0 delayedStart=false
2019-01-15 18:58:13,561 INFO o.a.j.t.ThreadGroup: Started thread group number 2
2019-01-15 18:58:13,561 INFO o.a.j.e.StandardJMeterEngine: Waiting for thread group: AT_DD_FN_GoogleDrive_widget_02 to finish before starting next group
2019-01-15 18:58:13,566 INFO o.a.j.t.JMeterThread: Thread started: AT_DD_FN_GoogleDrive_widget_02 2-1
2019-01-15 18:58:13,568 WARN o.a.j.c.RandomVariableConfig: maximum(999999999999) - minimum(100000000000) must be <= 2147483647
2019-01-15 18:58:29,516 INFO o.a.j.t.JMeterThread: Thread is done: AT_DD_FN_GoogleDrive_widget_02 2-1
2019-01-15 18:58:29,517 INFO o.a.j.t.JMeterThread: Thread finished: AT_DD_FN_GoogleDrive_widget_02 2-1
2019-01-15 18:58:29,518 INFO o.a.j.e.StandardJMeterEngine: Starting ThreadGroup: 3 : AT_DD_FN_GoogleDrive_Chart_03
2019-01-15 18:58:29,519 INFO o.a.j.e.StandardJMeterEngine: Starting 1 threads for group AT_DD_FN_GoogleDrive_Chart_03.
2019-01-15 18:58:29,519 INFO o.a.j.e.StandardJMeterEngine: Thread will continue on error
2019-01-15 18:58:29,519 INFO o.a.j.t.ThreadGroup: Starting thread group... number=3 threads=1 ramp-up=1 perThread=1000.0 delayedStart=false
2019-01-15 18:58:29,562 INFO o.a.j.t.ThreadGroup: Started thread group number 3
2019-01-15 18:58:29,562 INFO o.a.j.e.StandardJMeterEngine: Waiting for thread group: AT_DD_FN_GoogleDrive_Chart_03 to finish before starting next group
2019-01-15 18:58:29,564 INFO o.a.j.t.JMeterThread: Thread started: AT_DD_FN_GoogleDrive_Chart_03 3-1
2019-01-15 18:58:29,564 WARN o.a.j.c.RandomVariableConfig: maximum(999999999999) - minimum(100000000000) must be <= 2147483647
2019-01-15 18:58:38,666 INFO o.a.j.t.JMeterThread: Thread is done: AT_DD_FN_GoogleDrive_Chart_03 3-1
2019-01-15 18:58:38,667 INFO o.a.j.t.JMeterThread: Thread finished: AT_DD_FN_GoogleDrive_Chart_03 3-1
2019-01-15 18:58:38,667 INFO o.a.j.e.StandardJMeterEngine: Starting ThreadGroup: 4 : AT_DD_FN_GoogleDrive_Calc_04
2019-01-15 18:58:38,668 INFO o.a.j.e.StandardJMeterEngine: Starting 1 threads for group AT_DD_FN_GoogleDrive_Calc_04.
2019-01-15 18:58:38,668 INFO o.a.j.e.StandardJMeterEngine: Thread will continue on error
2019-01-15 18:58:38,668 INFO o.a.j.t.ThreadGroup: Starting thread group... number=4 threads=1 ramp-up=1 perThread=1000.0 delayedStart=false
2019-01-15 18:58:38,694 INFO o.a.j.t.ThreadGroup: Started thread group number 4
2019-01-15 18:58:38,695 INFO o.a.j.e.StandardJMeterEngine: Waiting for thread group: AT_DD_FN_GoogleDrive_Calc_04 to finish before starting next group
2019-01-15 18:58:38,698 INFO o.a.j.t.JMeterThread: Thread started: AT_DD_FN_GoogleDrive_Calc_04 4-1
2019-01-15 18:58:38,699 WARN o.a.j.c.RandomVariableConfig: maximum(999999999999) - minimum(100000000000) must be <= 2147483647
2019-01-15 18:58:58,797 INFO o.a.j.t.JMeterThread: Thread is done: AT_DD_FN_GoogleDrive_Calc_04 4-1
2019-01-15 18:58:58,799 INFO o.a.j.t.JMeterThread: Thread finished: AT_DD_FN_GoogleDrive_Calc_04 4-1
2019-01-15 18:58:58,800 INFO o.a.j.e.StandardJMeterEngine: Starting ThreadGroup: 5 : AT_DD_FN_GoogleDrive_Filter_05
2019-01-15 18:58:58,800 INFO o.a.j.e.StandardJMeterEngine: Starting 1 threads for group AT_DD_FN_GoogleDrive_Filter_05.
2019-01-15 18:58:58,800 INFO o.a.j.e.StandardJMeterEngine: Thread will continue on error
2019-01-15 18:58:58,800 INFO o.a.j.t.ThreadGroup: Starting thread group... number=5 threads=1 ramp-up=1 perThread=1000.0 delayedStart=false
2019-01-15 18:58:58,833 INFO o.a.j.t.ThreadGroup: Started thread group number 5
2019-01-15 18:58:58,834 INFO o.a.j.e.StandardJMeterEngine: Waiting for thread group: AT_DD_FN_GoogleDrive_Filter_05 to finish before starting next group
2019-01-15 18:58:58,835 INFO o.a.j.t.JMeterThread: Thread started: AT_DD_FN_GoogleDrive_Filter_05 5-1
2019-01-15 18:58:58,836 WARN o.a.j.c.RandomVariableConfig: maximum(999999999999) - minimum(100000000000) must be <= 2147483647
2019-01-15 18:59:07,033 INFO o.a.j.t.JMeterThread: Thread is done: AT_DD_FN_GoogleDrive_Filter_05 5-1
2019-01-15 18:59:07,034 INFO o.a.j.t.JMeterThread: Thread finished: AT_DD_FN_GoogleDrive_Filter_05 5-1
2019-01-15 18:59:07,035 INFO o.a.j.e.StandardJMeterEngine: Starting ThreadGroup: 6 : AT_DD_FN_GoogleDrive_GlobalFilter_06
2019-01-15 18:59:07,035 INFO o.a.j.e.StandardJMeterEngine: Starting 1 threads for group AT_DD_FN_GoogleDrive_GlobalFilter_06.
2019-01-15 18:59:07,035 INFO o.a.j.e.StandardJMeterEngine: Thread will continue on error
2019-01-15 18:59:07,036 INFO o.a.j.t.ThreadGroup: Starting thread group... number=6 threads=1 ramp-up=1 perThread=1000.0 delayedStart=false
2019-01-15 18:59:07,063 INFO o.a.j.t.ThreadGroup: Started thread group number 6
2019-01-15 18:59:07,064 INFO o.a.j.e.StandardJMeterEngine: Waiting for thread group: AT_DD_FN_GoogleDrive_GlobalFilter_06 to finish before starting next group
2019-01-15 18:59:07,066 INFO o.a.j.t.JMeterThread: Thread started: AT_DD_FN_GoogleDrive_GlobalFilter_06 6-1
2019-01-15 18:59:07,066 WARN o.a.j.c.RandomVariableConfig: maximum(999999999999) - minimum(100000000000) must be <= 2147483647
2019-01-15 18:59:22,654 INFO o.a.j.t.JMeterThread: Thread is done: AT_DD_FN_GoogleDrive_GlobalFilter_06 6-1
2019-01-15 18:59:22,656 INFO o.a.j.t.JMeterThread: Thread finished: AT_DD_FN_GoogleDrive_GlobalFilter_06 6-1
2019-01-15 18:59:22,657 INFO o.a.j.e.StandardJMeterEngine: Starting ThreadGroup: 7 : AT_DD_FN_GoogleDrive_DateRange_07
2019-01-15 18:59:22,658 INFO o.a.j.e.StandardJMeterEngine: Starting 1 threads for group AT_DD_FN_GoogleDrive_DateRange_07.
2019-01-15 18:59:22,658 INFO o.a.j.e.StandardJMeterEngine: Thread will continue on error
2019-01-15 18:59:22,658 INFO o.a.j.t.ThreadGroup: Starting thread group... number=7 threads=1 ramp-up=1 perThread=1000.0 delayedStart=false
2019-01-15 18:59:22,730 INFO o.a.j.t.ThreadGroup: Started thread group number 7
2019-01-15 18:59:22,730 INFO o.a.j.e.StandardJMeterEngine: Waiting for thread group: AT_DD_FN_GoogleDrive_DateRange_07 to finish before starting next group
2019-01-15 18:59:22,731 INFO o.a.j.t.JMeterThread: Thread started: AT_DD_FN_GoogleDrive_DateRange_07 7-1
2019-01-15 18:59:22,732 WARN o.a.j.c.RandomVariableConfig: maximum(999999999999) - minimum(100000000000) must be <= 2147483647
2019-01-15 18:59:29,719 INFO o.a.j.t.JMeterThread: Thread is done: AT_DD_FN_GoogleDrive_DateRange_07 7-1
2019-01-15 18:59:29,721 INFO o.a.j.t.JMeterThread: Thread finished: AT_DD_FN_GoogleDrive_DateRange_07 7-1
2019-01-15 18:59:29,721 INFO o.a.j.e.StandardJMeterEngine: Starting ThreadGroup: 8 : AT_DD_FN_GoogleDrive_GlobalDate_08
2019-01-15 18:59:29,721 INFO o.a.j.e.StandardJMeterEngine: Starting 1 threads for group AT_DD_FN_GoogleDrive_GlobalDate_08.
2019-01-15 18:59:29,721 INFO o.a.j.e.StandardJMeterEngine: Thread will continue on error
2019-01-15 18:59:29,722 INFO o.a.j.t.ThreadGroup: Starting thread group... number=8 threads=1 ramp-up=1 perThread=1000.0 delayedStart=false
2019-01-15 18:59:29,773 INFO o.a.j.t.ThreadGroup: Started thread group number 8
2019-01-15 18:59:29,774 INFO o.a.j.e.StandardJMeterEngine: Waiting for thread group: AT_DD_FN_GoogleDrive_GlobalDate_08 to finish before starting next group
2019-01-15 18:59:29,775 INFO o.a.j.t.JMeterThread: Thread started: AT_DD_FN_GoogleDrive_GlobalDate_08 8-1
2019-01-15 18:59:29,776 WARN o.a.j.c.RandomVariableConfig: maximum(999999999999) - minimum(100000000000) must be <= 2147483647
2019-01-15 18:59:40,667 INFO o.a.j.t.JMeterThread: Thread is done: AT_DD_FN_GoogleDrive_GlobalDate_08 8-1
2019-01-15 18:59:40,668 INFO o.a.j.t.JMeterThread: Thread finished: AT_DD_FN_GoogleDrive_GlobalDate_08 8-1
2019-01-15 18:59:40,670 INFO o.a.j.e.StandardJMeterEngine: Starting ThreadGroup: 9 : AT_DD_FN_GoogleDrive_Sort_09
2019-01-15 18:59:40,670 INFO o.a.j.e.StandardJMeterEngine: Starting 1 threads for group AT_DD_FN_GoogleDrive_Sort_09.
2019-01-15 18:59:40,670 INFO o.a.j.e.StandardJMeterEngine: Thread will continue on error
2019-01-15 18:59:40,670 INFO o.a.j.t.ThreadGroup: Starting thread group... number=9 threads=1 ramp-up=1 perThread=1000.0 delayedStart=false
2019-01-15 18:59:40,743 INFO o.a.j.t.ThreadGroup: Started thread group number 9
2019-01-15 18:59:40,743 INFO o.a.j.e.StandardJMeterEngine: Waiting for thread group: AT_DD_FN_GoogleDrive_Sort_09 to finish before starting next group
2019-01-15 18:59:40,746 INFO o.a.j.t.JMeterThread: Thread started: AT_DD_FN_GoogleDrive_Sort_09 9-1
2019-01-15 18:59:40,747 WARN o.a.j.c.RandomVariableConfig: maximum(999999999999) - minimum(100000000000) must be <= 2147483647
2019-01-15 18:59:49,255 INFO o.a.j.t.JMeterThread: Thread is done: AT_DD_FN_GoogleDrive_Sort_09 9-1
2019-01-15 18:59:49,255 INFO o.a.j.t.JMeterThread: Thread finished: AT_DD_FN_GoogleDrive_Sort_09 9-1
2019-01-15 18:59:49,256 INFO o.a.j.e.StandardJMeterEngine: Starting ThreadGroup: 10 : AT_DD_FN_GoogleDrive_validity_10
2019-01-15 18:59:49,257 INFO o.a.j.e.StandardJMeterEngine: Starting 1 threads for group AT_DD_FN_GoogleDrive_validity_10.
2019-01-15 18:59:49,257 INFO o.a.j.e.StandardJMeterEngine: Thread will continue on error
2019-01-15 18:59:49,257 INFO o.a.j.t.ThreadGroup: Starting thread group... number=10 threads=1 ramp-up=1 perThread=1000.0 delayedStart=false
2019-01-15 18:59:49,296 INFO o.a.j.t.ThreadGroup: Started thread group number 10
2019-01-15 18:59:49,296 INFO o.a.j.e.StandardJMeterEngine: Waiting for thread group: AT_DD_FN_GoogleDrive_validity_10 to finish before starting next group
2019-01-15 18:59:49,296 INFO o.a.j.t.JMeterThread: Thread started: AT_DD_FN_GoogleDrive_validity_10 10-1
2019-01-15 18:59:49,296 WARN o.a.j.c.RandomVariableConfig: maximum(999999999999) - minimum(100000000000) must be <= 2147483647
2019-01-15 18:59:51,231 INFO o.a.j.t.JMeterThread: Thread is done: AT_DD_FN_GoogleDrive_validity_10 10-1
2019-01-15 18:59:51,231 INFO o.a.j.t.JMeterThread: Thread finished: AT_DD_FN_GoogleDrive_validity_10 10-1
2019-01-15 18:59:51,233 INFO o.a.j.e.StandardJMeterEngine: Starting ThreadGroup: 11 : AT_DD_FN_GoogleDrive_TimeGroup_11
2019-01-15 18:59:51,233 INFO o.a.j.e.StandardJMeterEngine: Starting 1 threads for group AT_DD_FN_GoogleDrive_TimeGroup_11.
2019-01-15 18:59:51,233 INFO o.a.j.e.StandardJMeterEngine: Thread will continue on error
2019-01-15 18:59:51,233 INFO o.a.j.t.ThreadGroup: Starting thread group... number=11 threads=1 ramp-up=1 perThread=1000.0 delayedStart=false
2019-01-15 18:59:51,283 INFO o.a.j.t.ThreadGroup: Started thread group number 11
2019-01-15 18:59:51,283 INFO o.a.j.e.StandardJMeterEngine: Waiting for thread group: AT_DD_FN_GoogleDrive_TimeGroup_11 to finish before starting next group
2019-01-15 18:59:51,285 INFO o.a.j.t.JMeterThread: Thread started: AT_DD_FN_GoogleDrive_TimeGroup_11 11-1
2019-01-15 18:59:51,286 WARN o.a.j.c.RandomVariableConfig: maximum(999999999999) - minimum(100000000000) must be <= 2147483647
2019-01-15 18:59:56,506 INFO o.a.j.g.a.Start: Shutting test down
2019-01-15 18:59:56,542 INFO o.a.j.t.JMeterThread: Stopping: AT_DD_FN_GoogleDrive_TimeGroup_11 11-1
2019-01-15 18:59:56,973 INFO o.a.j.t.JMeterThread: Thread finished: AT_DD_FN_GoogleDrive_TimeGroup_11 11-1
2019-01-15 18:59:56,975 INFO o.a.j.e.StandardJMeterEngine: Test stopped - no more thread groups will be started
2019-01-15 18:59:56,975 INFO o.a.j.e.StandardJMeterEngine: Notifying test listeners of end of test
2019-01-15 18:59:56,980 INFO o.a.j.g.u.JMeterMenuBar: setRunning(false, *local*)
2019-01-15 19:00:08,762 INFO o.a.j.e.StandardJMeterEngine: Running the test!
2019-01-15 19:00:08,764 INFO o.a.j.s.SampleEvent: List of sample_variables: []
2019-01-15 19:00:08,783 WARN o.a.j.r.ResultCollector: Error creating directories for /data/www/qa/logs/DD/Online/JP/FN/GoogleDrive
2019-01-15 19:00:08,784 WARN o.a.j.r.ResultCollector: Error creating directories for /data/www/qa/logs/DD/Online/JP/FN/GoogleDrive/errlog
2019-01-15 19:00:08,785 INFO o.a.j.g.u.JMeterMenuBar: setRunning(true, *local*)
2019-01-15 19:00:09,181 INFO o.a.j.e.StandardJMeterEngine: Starting ThreadGroup: 1 : AT_DD_FN_GoogleDrive_Comparison_20
2019-01-15 19:00:09,182 INFO o.a.j.e.StandardJMeterEngine: Starting 1 threads for group AT_DD_FN_GoogleDrive_Comparison_20.
2019-01-15 19:00:09,182 INFO o.a.j.e.StandardJMeterEngine: Thread will continue on error
2019-01-15 19:00:09,182 INFO o.a.j.t.ThreadGroup: Starting thread group... number=1 threads=1 ramp-up=1 perThread=1000.0 delayedStart=false
2019-01-15 19:00:09,219 INFO o.a.j.t.ThreadGroup: Started thread group number 1
2019-01-15 19:00:09,220 INFO o.a.j.e.StandardJMeterEngine: All thread groups have been started
2019-01-15 19:00:09,221 INFO o.a.j.t.JMeterThread: Thread started: AT_DD_FN_GoogleDrive_Comparison_20 1-1
2019-01-15 19:00:09,222 WARN o.a.j.c.RandomVariableConfig: maximum(999999999999) - minimum(100000000000) must be <= 2147483647
2019-01-15 19:00:29,394 INFO o.a.j.t.JMeterThread: Thread is done: AT_DD_FN_GoogleDrive_Comparison_20 1-1
2019-01-15 19:00:29,395 INFO o.a.j.t.JMeterThread: Thread finished: AT_DD_FN_GoogleDrive_Comparison_20 1-1
2019-01-15 19:00:29,396 INFO o.a.j.e.StandardJMeterEngine: Notifying test listeners of end of test
2019-01-15 19:00:29,396 INFO o.a.j.g.u.JMeterMenuBar: setRunning(false, *local*)
